{
  "RSpec": {
    "coverage": {
      "/Users/EmilyWorrall/Desktop/Projects/random/emstagram/spec/features/likes_feature_spec.rb": [
        1,
        null,
        1,
        1,
        null,
        2,
        null,
        2,
        null,
        null,
        null,
        1,
        1,
        null,
        null,
        1,
        1,
        1,
        1,
        null,
        null
      ],
      "/Users/EmilyWorrall/Desktop/Projects/random/emstagram/spec/features/posts_feature_spec.rb": [
        1,
        null,
        1,
        1,
        null,
        7,
        null,
        null,
        null,
        1,
        6,
        null,
        null,
        1,
        1,
        1,
        1,
        1,
        null,
        null,
        null,
        1,
        1,
        1,
        1,
        1,
        1,
        1,
        null,
        null,
        1,
        1,
        1,
        1,
        null,
        null,
        null,
        1,
        4,
        null,
        1,
        1,
        1,
        1,
        1,
        null,
        null,
        null,
        1,
        null,
        1,
        1,
        1,
        1,
        null,
        null,
        1,
        1,
        1,
        1,
        1,
        1,
        null,
        null,
        null,
        null,
        null,
        null,
        null,
        null,
        null,
        null,
        null,
        null,
        null
      ],
      "/Users/EmilyWorrall/Desktop/Projects/random/emstagram/spec/features/users_feature_spec.rb": [
        1,
        null,
        1,
        1,
        null,
        1,
        1,
        1,
        1,
        1,
        null,
        null,
        null,
        1,
        3,
        null,
        null,
        null,
        1,
        2,
        null,
        null,
        1,
        1,
        1,
        null,
        null,
        1,
        1,
        1,
        1,
        null,
        null,
        null
      ],
      "/Users/EmilyWorrall/Desktop/Projects/random/emstagram/app/models/post.rb": [
        1,
        1,
        1,
        1,
        null,
        1,
        null,
        null,
        null,
        null,
        null,
        null,
        null,
        null,
        1,
        null
      ],
      "/Users/EmilyWorrall/Desktop/Projects/random/emstagram/app/controllers/posts_controller.rb": [
        1,
        1,
        null,
        1,
        34,
        null,
        null,
        1,
        1,
        null,
        null,
        1,
        1,
        1,
        1,
        1,
        1,
        1,
        null,
        0,
        null,
        null,
        null,
        1,
        4,
        null,
        null,
        1,
        0,
        0,
        0,
        0,
        null,
        null,
        1,
        null,
        1,
        1,
        null,
        null
      ],
      "/Users/EmilyWorrall/Desktop/Projects/random/emstagram/app/controllers/application_controller.rb": [
        1,
        null,
        null,
        1,
        null
      ],
      "/Users/EmilyWorrall/Desktop/Projects/random/emstagram/app/models/like.rb": [
        1,
        1,
        null
      ],
      "/Users/EmilyWorrall/Desktop/Projects/random/emstagram/app/models/comment.rb": [
        1,
        1,
        1,
        null
      ],
      "/Users/EmilyWorrall/Desktop/Projects/random/emstagram/app/controllers/comments_controller.rb": [
        1,
        null,
        1,
        1,
        1,
        null,
        null,
        1,
        1,
        1,
        1,
        1,
        1,
        1,
        1,
        null,
        0,
        null,
        null,
        null,
        1,
        0,
        0,
        0,
        0,
        null,
        null,
        1,
        null,
        1,
        1,
        null,
        null,
        null
      ],
      "/Users/EmilyWorrall/Desktop/Projects/random/emstagram/app/controllers/likes_controller.rb": [
        1,
        1,
        1,
        1,
        1,
        null,
        null
      ]
    },
    "timestamp": 1448564921
  }
}
